#
# There is insufficient memory for the Java Runtime Environment to continue.
# Native memory allocation (malloc) failed to allocate 1230016 bytes for Chunk::new
# Possible reasons:
#   The system is out of physical RAM or swap space
#   In 32 bit mode, the process size limit was hit
# Possible solutions:
#   Reduce memory load on the system
#   Increase physical memory or swap space
#   Check if swap backing store is full
#   Use 64 bit Java on a 64 bit OS
#   Decrease Java heap size (-Xmx/-Xms)
#   Decrease number of Java threads
#   Decrease Java thread stack sizes (-Xss)
#   Set larger code cache with -XX:ReservedCodeCacheSize=
# This output file may be truncated or incomplete.
#
#  Out of Memory Error (allocation.cpp:390), pid=17380, tid=0x0000000000004100
#
# JRE version: OpenJDK Runtime Environment (8.0_152-b02) (build 1.8.0_152-release-1024-b02)
# Java VM: OpenJDK 64-Bit Server VM (25.152-b02 mixed mode windows-amd64 compressed oops)
# Failed to write core dump. Minidumps are not enabled by default on client versions of Windows
#

---------------  T H R E A D  ---------------

Current thread (0x0000000015707000):  JavaThread "C2 CompilerThread1" daemon [_thread_in_native, id=16640, stack(0x0000000015fc0000,0x00000000160c0000)]

Stack: [0x0000000015fc0000,0x00000000160c0000]
[error occurred during error reporting (printing stack bounds), id 0xc0000005]

Native frames: (J=compiled Java code, j=interpreted, Vv=VM code, C=native code)


Current CompileTask:
C2:   2274  889       4       org.objectweb.asm.ClassReader::readCode (3575 bytes)


---------------  P R O C E S S  ---------------

Java Threads: ( => current thread )
  0x0000000015791000 JavaThread "Service Thread" daemon [_thread_blocked, id=9300, stack(0x00000000162c0000,0x00000000163c0000)]
  0x0000000015731000 JavaThread "C1 CompilerThread3" daemon [_thread_blocked, id=10152, stack(0x00000000161c0000,0x00000000162c0000)]
  0x000000001570a800 JavaThread "C2 CompilerThread2" daemon [_thread_in_native, id=16320, stack(0x00000000160c0000,0x00000000161c0000)]
=>0x0000000015707000 JavaThread "C2 CompilerThread1" daemon [_thread_in_native, id=16640, stack(0x0000000015fc0000,0x00000000160c0000)]
  0x0000000015702800 JavaThread "C2 CompilerThread0" daemon [_thread_in_native, id=7448, stack(0x0000000015ec0000,0x0000000015fc0000)]
  0x0000000015701800 JavaThread "Attach Listener" daemon [_thread_blocked, id=8888, stack(0x0000000015dc0000,0x0000000015ec0000)]
  0x0000000015700000 JavaThread "Signal Dispatcher" daemon [_thread_blocked, id=7876, stack(0x0000000015cc0000,0x0000000015dc0000)]
  0x00000000156f0800 JavaThread "Finalizer" daemon [_thread_blocked, id=12212, stack(0x0000000015ad0000,0x0000000015bd0000)]
  0x000000001380b800 JavaThread "Reference Handler" daemon [_thread_blocked, id=13968, stack(0x00000000155d0000,0x00000000156d0000)]
  0x0000000002f24800 JavaThread "main" [_thread_in_Java, id=15764, stack(0x0000000002e00000,0x0000000002f00000)]

Other Threads:
  0x0000000013806000 VMThread [stack: 0x00000000154d0000,0x00000000155d0000] [id=8704]
  0x0000000015799800 WatcherThread [stack: 0x00000000163c0000,0x00000000164c0000] [id=2624]

VM state:not at safepoint (normal execution)

VM Mutex/Monitor currently owned by a thread: None

Heap:
 PSYoungGen      total 18944K, used 3208K [0x00000000feb00000, 0x0000000100000000, 0x0000000100000000)
  eden space 16384K, 3% used [0x00000000feb00000,0x00000000feba3638,0x00000000ffb00000)
  from space 2560K, 99% used [0x00000000ffb00000,0x00000000ffd7ec40,0x00000000ffd80000)
  to   space 2560K, 0% used [0x00000000ffd80000,0x00000000ffd80000,0x0000000100000000)
 ParOldGen       total 44032K, used 5426K [0x00000000fc000000, 0x00000000feb00000, 0x00000000feb00000)
  object space 44032K, 12% used [0x00000000fc000000,0x00000000fc54c8f0,0x00000000feb00000)
 Metaspace       used 7647K, capacity 7940K, committed 8192K, reserved 1056768K
  class space    used 870K, capacity 970K, committed 1024K, reserved 1048576K

Card table byte_map: [0x0000000001480000,0x00000000014b0000] byte_map_base: 0x0000000000ca0000

Marking Bits: (ParMarkBitMap*) 0x0000000070be4970
 Begin Bits: [0x0000000012c00000, 0x0000000012d00000)
 End Bits:   [0x0000000012d00000, 0x0000000012e00000)

Polling page: 0x0000000000bf0000

CodeCache: size=245760Kb used=3863Kb max_used=3863Kb free=241896Kb
 bounds [0x0000000003020000, 0x00000000033f0000, 0x0000000012020000]
 total_blobs=1363 nmethods=1030 adapters=246
 compilation: enabled

Compilation events (10 events):
Event: 2.145 Thread 0x0000000015731000 1030   !   3       org.objectweb.asm.ClassReader::readClass (162 bytes)
Event: 2.146 Thread 0x0000000015731000 nmethod 1030 0x00000000033e4710 code [0x00000000033e4940, 0x00000000033e5648]
Event: 2.146 Thread 0x0000000015731000 1031       3       java.util.zip.ZipFile$ZipFileInputStream::available (22 bytes)
Event: 2.146 Thread 0x0000000015731000 nmethod 1031 0x00000000033dfc90 code [0x00000000033dfde0, 0x00000000033dff90]
Event: 2.147 Thread 0x0000000015731000 1032       3       org.objectweb.asm.MethodWriter::visitParameterAnnotation (178 bytes)
Event: 2.247 Thread 0x0000000015731000 nmethod 1032 0x00000000033e5b50 code [0x00000000033e5dc0, 0x00000000033e6d38]
Event: 2.247 Thread 0x0000000015731000 1033       3       com.google.common.base.Preconditions::checkPositionIndex (8 bytes)
Event: 2.247 Thread 0x0000000015731000 nmethod 1033 0x00000000033df650 code [0x00000000033df7e0, 0x00000000033dfaf8]
Event: 2.247 Thread 0x0000000015731000 1034       3       com.google.common.base.Preconditions::checkPositionIndex (25 bytes)
Event: 2.248 Thread 0x0000000015731000 nmethod 1034 0x00000000033df0d0 code [0x00000000033df240, 0x00000000033df4f8]

GC Heap History (6 events):
Event: 1.461 GC heap before
{Heap before GC invocations=1 (full 0):
 PSYoungGen      total 18944K, used 16384K [0x00000000feb00000, 0x0000000100000000, 0x0000000100000000)
  eden space 16384K, 100% used [0x00000000feb00000,0x00000000ffb00000,0x00000000ffb00000)
  from space 2560K, 0% used [0x00000000ffd80000,0x00000000ffd80000,0x0000000100000000)
  to   space 2560K, 0% used [0x00000000ffb00000,0x00000000ffb00000,0x00000000ffd80000)
 ParOldGen       total 44032K, used 0K [0x00000000fc000000, 0x00000000feb00000, 0x00000000feb00000)
  object space 44032K, 0% used [0x00000000fc000000,0x00000000fc000000,0x00000000feb00000)
 Metaspace       used 6671K, capacity 6874K, committed 7040K, reserved 1056768K
  class space    used 791K, capacity 871K, committed 896K, reserved 1048576K
Event: 1.467 GC heap after
Heap after GC invocations=1 (full 0):
 PSYoungGen      total 18944K, used 2528K [0x00000000feb00000, 0x0000000100000000, 0x0000000100000000)
  eden space 16384K, 0% used [0x00000000feb00000,0x00000000feb00000,0x00000000ffb00000)
  from space 2560K, 98% used [0x00000000ffb00000,0x00000000ffd78030,0x00000000ffd80000)
  to   space 2560K, 0% used [0x00000000ffd80000,0x00000000ffd80000,0x0000000100000000)
 ParOldGen       total 44032K, used 1512K [0x00000000fc000000, 0x00000000feb00000, 0x00000000feb00000)
  object space 44032K, 3% used [0x00000000fc000000,0x00000000fc17a028,0x00000000feb00000)
 Metaspace       used 6671K, capacity 6874K, committed 7040K, reserved 1056768K
  class space    used 791K, capacity 871K, committed 896K, reserved 1048576K
}
Event: 1.954 GC heap before
{Heap before GC invocations=2 (full 0):
 PSYoungGen      total 18944K, used 18912K [0x00000000feb00000, 0x0000000100000000, 0x0000000100000000)
  eden space 16384K, 100% used [0x00000000feb00000,0x00000000ffb00000,0x00000000ffb00000)
  from space 2560K, 98% used [0x00000000ffb00000,0x00000000ffd78030,0x00000000ffd80000)
  to   space 2560K, 0% used [0x00000000ffd80000,0x00000000ffd80000,0x0000000100000000)
 ParOldGen       total 44032K, used 1512K [0x00000000fc000000, 0x00000000feb00000, 0x00000000feb00000)
  object space 44032K, 3% used [0x00000000fc000000,0x00000000fc17a028,0x00000000feb00000)
 Metaspace       used 7549K, capacity 7748K, committed 7936K, reserved 1056768K
  class space    used 868K, capacity 970K, committed 1024K, reserved 1048576K
Event: 1.966 GC heap after
Heap after GC invocations=2 (full 0):
 PSYoungGen      total 18944K, used 2539K [0x00000000feb00000, 0x0000000100000000, 0x0000000100000000)
  eden space 16384K, 0% used [0x00000000feb00000,0x00000000feb00000,0x00000000ffb00000)
  from space 2560K, 99% used [0x00000000ffd80000,0x00000000ffffac30,0x0000000100000000)
  to   space 2560K, 0% used [0x00000000ffb00000,0x00000000ffb00000,0x00000000ffd80000)
 ParOldGen       total 44032K, used 5146K [0x00000000fc000000, 0x00000000feb00000, 0x00000000feb00000)
  object space 44032K, 11% used [0x00000000fc000000,0x00000000fc5068e0,0x00000000feb00000)
 Metaspace       used 7549K, capacity 7748K, committed 7936K, reserved 1056768K
  class space    used 868K, capacity 970K, committed 1024K, reserved 1048576K
}
Event: 2.147 GC heap before
{Heap before GC invocations=3 (full 0):
 PSYoungGen      total 18944K, used 18923K [0x00000000feb00000, 0x0000000100000000, 0x0000000100000000)
  eden space 16384K, 100% used [0x00000000feb00000,0x00000000ffb00000,0x00000000ffb00000)
  from space 2560K, 99% used [0x00000000ffd80000,0x00000000ffffac30,0x0000000100000000)
  to   space 2560K, 0% used [0x00000000ffb00000,0x00000000ffb00000,0x00000000ffd80000)
 ParOldGen       total 44032K, used 5146K [0x00000000fc000000, 0x00000000feb00000, 0x00000000feb00000)
  object space 44032K, 11% used [0x00000000fc000000,0x00000000fc5068e0,0x00000000feb00000)
 Metaspace       used 7643K, capacity 7876K, committed 7936K, reserved 1056768K
  class space    used 870K, capacity 970K, committed 1024K, reserved 1048576K
Event: 2.245 GC heap after
Heap after GC invocations=3 (full 0):
 PSYoungGen      total 18944K, used 2555K [0x00000000feb00000, 0x0000000100000000, 0x0000000100000000)
  eden space 16384K, 0% used [0x00000000feb00000,0x00000000feb00000,0x00000000ffb00000)
  from space 2560K, 99% used [0x00000000ffb00000,0x00000000ffd7ec40,0x00000000ffd80000)
  to   space 2560K, 0% used [0x00000000ffd80000,0x00000000ffd80000,0x0000000100000000)
 ParOldGen       total 44032K, used 5426K [0x00000000fc000000, 0x00000000feb00000, 0x00000000feb00000)
  object space 44032K, 12% used [0x00000000fc000000,0x00000000fc54c8f0,0x00000000feb00000)
 Metaspace       used 7643K, capacity 7876K, committed 7936K, reserved 1056768K
  class space    used 870K, capacity 970K, committed 1024K, reserved 1048576K
}

Deoptimization events (10 events):
Event: 1.435 Thread 0x0000000002f24800 Uncommon trap: reason=unstable_if action=reinterpret pc=0x0000000003248f5c method=java.util.zip.ZipCoder.decoder()Ljava/nio/charset/CharsetDecoder; @ 4
Event: 1.442 Thread 0x0000000002f24800 Uncommon trap: reason=unstable_if action=reinterpret pc=0x0000000003243fdc method=java.util.zip.ZipFile$ZipEntryIterator.hasNext()Z @ 25
Event: 1.442 Thread 0x0000000002f24800 Uncommon trap: reason=unstable_if action=reinterpret pc=0x000000000324df1c method=java.util.zip.ZipCoder.decoder()Ljava/nio/charset/CharsetDecoder; @ 4
Event: 1.519 Thread 0x0000000002f24800 Uncommon trap: reason=unstable_if action=reinterpret pc=0x0000000003242c00 method=java.util.zip.ZipFile.getZipEntry(Ljava/lang/String;J)Ljava/util/zip/ZipEntry; @ 19
Event: 1.554 Thread 0x0000000002f24800 Uncommon trap: reason=unloaded action=reinterpret pc=0x000000000323b37c method=java.util.zip.ZipEntry.setExtra0([BZ)V @ 37
Event: 1.949 Thread 0x0000000002f24800 Uncommon trap: reason=unstable_if action=reinterpret pc=0x000000000334c2cc method=org.objectweb.asm.Type.getArgumentsAndReturnSizes(Ljava/lang/String;)I @ 136
Event: 1.950 Thread 0x0000000002f24800 Uncommon trap: reason=unstable_if action=reinterpret pc=0x00000000033498a4 method=org.objectweb.asm.MethodWriter.visitVarInsn(II)V @ 130
Event: 1.966 Thread 0x0000000002f24800 Uncommon trap: reason=unstable_if action=reinterpret pc=0x000000000331f3d4 method=org.objectweb.asm.Item.isEqualTo(Lorg/objectweb/asm/Item;)Z @ 251
Event: 2.015 Thread 0x0000000002f24800 Uncommon trap: reason=unstable_if action=reinterpret pc=0x000000000339015c method=org.objectweb.asm.Item.isEqualTo(Lorg/objectweb/asm/Item;)Z @ 345
Event: 2.122 Thread 0x0000000002f24800 Uncommon trap: reason=null_check action=make_not_entrant pc=0x00000000033dcba8 method=com.google.devtools.build.android.desugar.InterfaceDesugaring$InterfaceInvocationRewriter.visitMethodInsn(ILjava/lang/String;Ljava/lang/String;Ljava/lang/String;Z)V @ 10

Classes redefined (0 events):
No events

Internal exceptions (10 events):
Event: 1.560 Thread 0x0000000002f24800 Exception <a 'sun/nio/fs/WindowsException'> (0x00000000ff185890) thrown at [D:\src\AOSP-openjdk-cygwin\jdk8u\hotspot\src\share\vm\prims\jni.cpp, line 709]
Event: 1.560 Thread 0x0000000002f24800 Exception <a 'sun/nio/fs/WindowsException'> (0x00000000ff185e50) thrown at [D:\src\AOSP-openjdk-cygwin\jdk8u\hotspot\src\share\vm\prims\jni.cpp, line 709]
Event: 1.560 Thread 0x0000000002f24800 Exception <a 'sun/nio/fs/WindowsException'> (0x00000000ff186420) thrown at [D:\src\AOSP-openjdk-cygwin\jdk8u\hotspot\src\share\vm\prims\jni.cpp, line 709]
Event: 1.561 Thread 0x0000000002f24800 Exception <a 'sun/nio/fs/WindowsException'> (0x00000000ff186be0) thrown at [D:\src\AOSP-openjdk-cygwin\jdk8u\hotspot\src\share\vm\prims\jni.cpp, line 709]
Event: 1.575 Thread 0x0000000002f24800 Exception <a 'sun/nio/fs/WindowsException'> (0x00000000ff18bb38) thrown at [D:\src\AOSP-openjdk-cygwin\jdk8u\hotspot\src\share\vm\prims\jni.cpp, line 709]
Event: 1.716 Thread 0x0000000002f24800 Exception <a 'sun/nio/fs/WindowsException'> (0x00000000ff56ec28) thrown at [D:\src\AOSP-openjdk-cygwin\jdk8u\hotspot\src\share\vm\prims\jni.cpp, line 709]
Event: 1.716 Thread 0x0000000002f24800 Exception <a 'sun/nio/fs/WindowsException'> (0x00000000ff56f1b8) thrown at [D:\src\AOSP-openjdk-cygwin\jdk8u\hotspot\src\share\vm\prims\jni.cpp, line 709]
Event: 2.075 Thread 0x0000000002f24800 Exception <a 'sun/nio/fs/WindowsException'> (0x00000000ff219fb8) thrown at [D:\src\AOSP-openjdk-cygwin\jdk8u\hotspot\src\share\vm\prims\jni.cpp, line 709]
Event: 2.075 Thread 0x0000000002f24800 Exception <a 'sun/nio/fs/WindowsException'> (0x00000000ff21a4c8) thrown at [D:\src\AOSP-openjdk-cygwin\jdk8u\hotspot\src\share\vm\prims\jni.cpp, line 709]
Event: 2.122 Thread 0x0000000002f24800 Implicit null exception at 0x00000000033dc150 to 0x00000000033dcb89

Events (10 events):
Event: 2.015 Thread 0x0000000002f24800 DEOPT UNPACKING pc=0x000000000306557b sp=0x0000000002efe488 mode 2
Event: 2.061 loading class java/util/Vector$Itr
Event: 2.061 loading class java/util/Vector$Itr done
Event: 2.082 Thread 0x0000000002f24800 DEOPT PACKING pc=0x0000000003238c8f sp=0x0000000002eff090
Event: 2.082 Thread 0x0000000002f24800 DEOPT UNPACKING pc=0x00000000030675d0 sp=0x0000000002efed80 mode 0
Event: 2.122 Thread 0x0000000002f24800 Uncommon trap: trap_request=0xfffffff4 fr.pc=0x00000000033dcba8
Event: 2.122 Thread 0x0000000002f24800 DEOPT PACKING pc=0x00000000033dcba8 sp=0x0000000002efe840
Event: 2.122 Thread 0x0000000002f24800 DEOPT UNPACKING pc=0x000000000306557b sp=0x0000000002efe820 mode 2
Event: 2.147 Executing VM operation: ParallelGCFailedAllocation
Event: 2.245 Executing VM operation: ParallelGCFailedAllocation done


Dynamic libraries:
0x00007ff6544e0000 - 0x00007ff654511000 	C:\Program Files\Android\Android Studio\jre\bin\java.exe
0x00007ffd213b0000 - 0x00007ffd21591000 	C:\WINDOWS\SYSTEM32\ntdll.dll
0x00007ffd21150000 - 0x00007ffd21202000 	C:\WINDOWS\System32\KERNEL32.DLL
0x00007ffd1e5a0000 - 0x00007ffd1e813000 	C:\WINDOWS\System32\KERNELBASE.dll
0x00007ffd20be0000 - 0x00007ffd20c81000 	C:\WINDOWS\System32\ADVAPI32.dll
0x00007ffd21040000 - 0x00007ffd210de000 	C:\WINDOWS\System32\msvcrt.dll
0x00007ffd20300000 - 0x00007ffd2035b000 	C:\WINDOWS\System32\sechost.dll
0x00007ffd20f10000 - 0x00007ffd21034000 	C:\WINDOWS\System32\RPCRT4.dll
0x00007ffd20a20000 - 0x00007ffd20bb0000 	C:\WINDOWS\System32\USER32.dll
0x00007ffd1e820000 - 0x00007ffd1e840000 	C:\WINDOWS\System32\win32u.dll
0x00007ffd20bb0000 - 0x00007ffd20bd8000 	C:\WINDOWS\System32\GDI32.dll
0x00007ffd1d7d0000 - 0x00007ffd1d962000 	C:\WINDOWS\System32\gdi32full.dll
0x00007ffd1e500000 - 0x00007ffd1e59f000 	C:\WINDOWS\System32\msvcp_win.dll
0x00007ffd1e380000 - 0x00007ffd1e47a000 	C:\WINDOWS\System32\ucrtbase.dll
0x00007ffd0e600000 - 0x00007ffd0e869000 	C:\WINDOWS\WinSxS\amd64_microsoft.windows.common-controls_6595b64144ccf1df_6.0.17134.228_none_fb4599993062b194\COMCTL32.dll
0x00007ffd20570000 - 0x00007ffd20893000 	C:\WINDOWS\System32\combase.dll
0x00007ffd1e480000 - 0x00007ffd1e4fa000 	C:\WINDOWS\System32\bcryptPrimitives.dll
0x00007ffd20e30000 - 0x00007ffd20e5d000 	C:\WINDOWS\System32\IMM32.DLL
0x0000000071310000 - 0x00000000713e2000 	C:\Program Files\Android\Android Studio\jre\jre\bin\msvcr100.dll
0x0000000070420000 - 0x0000000070c5f000 	C:\Program Files\Android\Android Studio\jre\jre\bin\server\jvm.dll
0x00007ffd1e8a0000 - 0x00007ffd1e8a8000 	C:\WINDOWS\System32\PSAPI.DLL
0x00007ffd1a520000 - 0x00007ffd1a529000 	C:\WINDOWS\SYSTEM32\WSOCK32.dll
0x00007ffd1fd50000 - 0x00007ffd1fdbc000 	C:\WINDOWS\System32\WS2_32.dll
0x00007ffd18d90000 - 0x00007ffd18d9a000 	C:\WINDOWS\SYSTEM32\VERSION.dll
0x00007ffd17ce0000 - 0x00007ffd17d03000 	C:\WINDOWS\SYSTEM32\WINMM.dll
0x00007ffd17bb0000 - 0x00007ffd17bda000 	C:\WINDOWS\SYSTEM32\WINMMBASE.dll
0x00007ffd1d780000 - 0x00007ffd1d7c9000 	C:\WINDOWS\System32\cfgmgr32.dll
0x00007ffd174e0000 - 0x00007ffd174ef000 	C:\Program Files\Android\Android Studio\jre\jre\bin\verify.dll
0x00007ffd0f890000 - 0x00007ffd0f8b9000 	C:\Program Files\Android\Android Studio\jre\jre\bin\java.dll
0x00007ffd0e410000 - 0x00007ffd0e426000 	C:\Program Files\Android\Android Studio\jre\jre\bin\zip.dll
0x00007ffd1e910000 - 0x00007ffd1fd50000 	C:\WINDOWS\System32\SHELL32.dll
0x00007ffd20e60000 - 0x00007ffd20f09000 	C:\WINDOWS\System32\shcore.dll
0x00007ffd1d970000 - 0x00007ffd1e07d000 	C:\WINDOWS\System32\windows.storage.dll
0x00007ffd210e0000 - 0x00007ffd21131000 	C:\WINDOWS\System32\shlwapi.dll
0x00007ffd1d700000 - 0x00007ffd1d711000 	C:\WINDOWS\System32\kernel.appcore.dll
0x00007ffd1d6e0000 - 0x00007ffd1d6ff000 	C:\WINDOWS\System32\profapi.dll
0x00007ffd1d720000 - 0x00007ffd1d76c000 	C:\WINDOWS\System32\powrprof.dll
0x00007ffd1d770000 - 0x00007ffd1d77a000 	C:\WINDOWS\System32\FLTLIB.DLL
0x00007ffd1d100000 - 0x00007ffd1d117000 	C:\WINDOWS\SYSTEM32\CRYPTSP.dll
0x00007ffd1cb20000 - 0x00007ffd1cb53000 	C:\WINDOWS\system32\rsaenh.dll
0x00007ffd1d220000 - 0x00007ffd1d245000 	C:\WINDOWS\SYSTEM32\bcrypt.dll
0x00007ffd1d5f0000 - 0x00007ffd1d618000 	C:\WINDOWS\SYSTEM32\USERENV.dll
0x00007ffd1d0f0000 - 0x00007ffd1d0fb000 	C:\WINDOWS\SYSTEM32\CRYPTBASE.dll
0x00007ffd0ac50000 - 0x00007ffd0ac6a000 	C:\Program Files\Android\Android Studio\jre\jre\bin\net.dll
0x00007ffd1cf40000 - 0x00007ffd1cfa6000 	C:\WINDOWS\system32\mswsock.dll
0x00007ffd1ccc0000 - 0x00007ffd1ccf8000 	C:\WINDOWS\SYSTEM32\IPHLPAPI.DLL
0x00007ffd21210000 - 0x00007ffd21218000 	C:\WINDOWS\System32\NSI.dll
0x00007ffd14280000 - 0x00007ffd14296000 	C:\WINDOWS\SYSTEM32\dhcpcsvc6.DLL
0x00007ffd14260000 - 0x00007ffd1427a000 	C:\WINDOWS\SYSTEM32\dhcpcsvc.DLL
0x00007ffd03bb0000 - 0x00007ffd03bc1000 	C:\Program Files\Android\Android Studio\jre\jre\bin\nio.dll

VM Arguments:
jvm_args: -Djava.awt.headless=true -Xmx64M -Dfile.encoding=windows-1252 -Duser.country=US -Duser.language=en -Duser.variant 
java_command: com.google.devtools.build.android.desugar.Desugar --input D:\Projects\SimpleMarkdown\app\build\intermediates\transforms\stackFramesFixer\samsung\debug\20.jar --output D:\Projects\SimpleMarkdown\app\build\intermediates\transforms\desugar\samsung\debug\22.jar --input D:\Projects\SimpleMarkdown\app\build\intermediates\transforms\stackFramesFixer\samsung\debug\10.jar --output D:\Projects\SimpleMarkdown\app\build\intermediates\transforms\desugar\samsung\debug\12.jar --input D:\Projects\SimpleMarkdown\app\build\intermediates\transforms\stackFramesFixer\samsung\debug\24.jar --output D:\Projects\SimpleMarkdown\app\build\intermediates\transforms\desugar\samsung\debug\26.jar --input D:\Projects\SimpleMarkdown\IAP5Helper\build\intermediates\intermediate-jars\debug\classes.jar --output D:\Projects\SimpleMarkdown\app\build\intermediates\transforms\desugar\samsung\debug\0.jar --input D:\Projects\SimpleMarkdown\app\build\intermediates\transforms\stackFramesFixer\samsung\debug\4.jar --output D:\Projects\SimpleMarkdown\app\build\intermediates\transforms\desugar\samsung\debug\6.jar --classpath_entry D:\Projects\SimpleMarkdown\IAP5Helper\build\intermediates\intermediate-jars\debug\classes.jar --classpath_entry D:\Projects\SimpleMarkdown\app\build\intermediates\classes\samsung\debug --classpath_entry D:\Projects\SimpleMarkdown\app\build\intermediates\transforms\stackFramesFixer\samsung\debug\0.jar --classpath_entry D:\Projects\SimpleMarkdown\app\build\intermediates\transforms\stackFramesFixer\samsung\debug\1.jar --classpath_entry D:\Projects\SimpleMarkdown\app\build\intermediates\transforms\stackFramesFixer\samsung\debug\2.jar --classpath_entry D:\Projects\SimpleMarkdown\app\build\intermediates\transforms\stackFramesFixer\samsung\debug\3.jar --classpath_entry D:\Projects\SimpleMarkdown\app\build\intermediates\transforms\stackFramesFixer\samsung\debug\4.jar --classpath_entry D:\Projects\SimpleMarkdown\app\build\intermediates\transforms\stackFramesFixer\samsung\debug\5.ja
java_class_path (initial): C:\Users\billy\AppData\Local\Temp\desugar_deploy.jar7465700136435850985
Launcher Type: SUN_STANDARD

Environment Variables:
JAVA_HOME=C:\Program Files\Java\jdk1.8.0_162
CLASSPATH=.;
PATH=C:\Program Files\ImageMagick-7.0.7-Q16;C:\Program Files (x86)\Common Files\Oracle\Java\javapath;C:\ProgramData\Oracle\Java\javapath;C:\tools\ruby24\bin;C:\Python36\Scripts\;C:\Python36\;C:\Windows\system32;C:\Windows;C:\Windows\System32\Wbem;C:\Windows\System32\WindowsPowerShell\v1.0\;C:\Program Files\PuTTY\;C:\Program Files\OpenVPN\bin;C:\Program Files (x86)\NVIDIA Corporation\PhysX\Common;C:\Program Files (x86)\GtkSharp\2.12\bin;C:\WINDOWS\system32;C:\WINDOWS;C:\WINDOWS\System32\Wbem;C:\WINDOWS\System32\WindowsPowerShell\v1.0\;D:\Android\sdk\tools\bin;D:\Android\sdk\platform-tools;C:\ProgramData\chocolatey\bin;C:\Program Files (x86)\vim\vim80;C:\Program Files\nodejs\;D:\Selenium Drivers;C:\Program Files\Calibre2\;C:\MinGW\bin\;C:\Program Files\Git\cmd;C:\Program Files (x86)\GnuWin32\bin;C:\Program Files\CMake\bin;C:\Program Files (x86)\Microsoft Visual Studio\2017\Community\VC\Tools\MSVC\14.11.25503\bin\Hostx86\x86;C:\Program Files\dotnet\;C:\Program Files\Microsoft SQL Server\130\Tools\Binn\;C:\Program Files\Java\jdk1.8.0_162\bin;C:\WINDOWS\System32\OpenSSH\;D:\PostgreSQL\pg96\bin;D:\flutter\bin;C:\Users\billy\AppData\Local\Microsoft\WindowsApps;C:\Program Files\Microsoft VS Code\bin;C:\Users\billy\AppData\Roaming\npm;C:\Program Files\Docker Toolbox;C:\Users\billy\AppData\Local\.meteor;%USERPROFILE%\AppData\Local\Microsoft\WindowsApps;
USERNAME=billy
OS=Windows_NT
PROCESSOR_IDENTIFIER=Intel64 Family 6 Model 94 Stepping 3, GenuineIntel



---------------  S Y S T E M  ---------------

OS: Windows 10.0 , 64 bit Build 17134 (10.0.17134.1)

CPU:total 8 (initial active 8) (4 cores per cpu, 2 threads per core) family 6 model 94 stepping 3, cmov, cx8, fxsr, mmx, sse, sse2, sse3, ssse3, sse4.1, sse4.2, popcnt, avx, avx2, aes, clmul, erms, rtm, 3dnowpref, lzcnt, ht, tsc, tscinvbit, bmi1, bmi2, adx

Memory: 4k page, physical 8281864k(1035496k free), swap 8281864k(5332k free)

vm_info: OpenJDK 64-Bit Server VM (25.152-b02) for windows-amd64 JRE (1.8.0_152-release-1024-b02), built by "builder" with MS VC++ 10.0 (VS2010)

time: Tue Aug 21 09:05:34 2018
elapsed time: 2 seconds (0d 0h 0m 2s)

